[2011-05-21 23-03-46] PHP Fatal error: syntax error, unexpected ',' in C:\Program Files\xampp\htdocs\pm\pm\temp\cache\_Nette.FileTemplate\_templates._layout.latte-b11c94f417a6601ff60897ef424bcc47.php:69  @  http://localhost/pm/www/novinky
[2011-05-21 23-06-53] PHP Fatal error: Uncaught exception Nette\Application\BadRequestException with message 'No route for HTTP request.' in C:\Program Files\xampp\htdocs\pm\pm\libs\Nette\Application\Application.php:110  @  http://localhost/pm/www/%7B$basePath%7D/images/at-char.bmp
[2011-05-21 23-27-37] PHP Fatal error: Uncaught exception Nette\Application\BadRequestException with message 'Cannot load presenter 'Prace', class 'PracePresenter' was not found in 'C:\Program Files\xampp\htdocs\pm\www/../pm/app/presenters/PracePresenter.php'.' in C:\Program Files\xampp\htdocs\pm\pm\libs\Nette\Application\Application.php:127  @  http://localhost/pm/www/prace
[2011-05-21 23-32-12] PHP Fatal error: Uncaught exception Nette\Application\BadRequestException with message 'Cannot load presenter 'Prace', class 'PracePresenter' was not found in 'C:\Program Files\xampp\htdocs\pm\www/../pm/app/presenters/PracePresenter.php'.' in C:\Program Files\xampp\htdocs\pm\pm\libs\Nette\Application\Application.php:127  @  http://localhost/pm/www/prace
[2011-05-21 23-32-19] PHP Fatal error: Uncaught exception Nette\Application\BadRequestException with message 'Cannot load presenter 'Prace', class 'PracePresenter' was not found in 'C:\Program Files\xampp\htdocs\pm\www/../pm/app/presenters/PracePresenter.php'.' in C:\Program Files\xampp\htdocs\pm\pm\libs\Nette\Application\Application.php:127  @  http://localhost/pm/www/prace
[2011-05-21 23-32-33] PHP Fatal error: Uncaught exception Nette\Application\BadRequestException with message 'Cannot load presenter 'Prace', class 'PracePresenter' was not found in 'C:\Program Files\xampp\htdocs\pm\www/../pm/app/presenters/PracePresenter.php'.' in C:\Program Files\xampp\htdocs\pm\pm\libs\Nette\Application\Application.php:127  @  http://localhost/pm/www/prace
[2011-05-21 23-32-47] PHP Fatal error: Uncaught exception Nette\Application\BadRequestException with message 'Cannot load presenter 'Prace', class 'PracePresenter' was not found in 'C:\Program Files\xampp\htdocs\pm\www/../pm/app/presenters/PracePresenter.php'.' in C:\Program Files\xampp\htdocs\pm\pm\libs\Nette\Application\Application.php:127  @  http://localhost/pm/www/prace
[2011-06-02 11-17-35] PHP Fatal error: Uncaught exception InvalidStateException with message 'Ambiguous class 'TexyPcreException' resolution; defined in C:\Program Files\xampp\htdocs\pm\pm\libs\texy\texy.php and in C:\Program Files\xampp\htdocs\pm\pm\libs\texy\Texy.php.' in C:\Program Files\xampp\htdocs\pm\pm\libs\Nette\Loaders\RobotLoader.php:200  @  http://localhost/pm/www/grafika-loga
[2011-06-02 11-18-29] PHP Notice: Undefined variable: title in C:\Program Files\xampp\htdocs\pm\pm\temp\cache\_Nette.FileTemplate\_Content.view.latte-239f85d9ea2ded2a03c004056187566c.php:26  @  http://localhost/pm/www/novinky
[2011-06-02 11-18-30] PHP Notice: Undefined variable: content in C:\Program Files\xampp\htdocs\pm\pm\temp\cache\_Nette.FileTemplate\_Content.view.latte-239f85d9ea2ded2a03c004056187566c.php:15  @  http://localhost/pm/www/novinky
[2011-06-02 11-22-49] PHP Notice: Undefined variable: title in C:\Program Files\xampp\htdocs\pm\pm\temp\cache\_Nette.FileTemplate\_Content.view.latte-239f85d9ea2ded2a03c004056187566c.php:26  @  http://localhost/pm/www/obsah/vypsat/grafika
[2011-06-02 11-22-49] PHP Notice: Undefined variable: content in C:\Program Files\xampp\htdocs\pm\pm\temp\cache\_Nette.FileTemplate\_Content.view.latte-239f85d9ea2ded2a03c004056187566c.php:15  @  http://localhost/pm/www/obsah/vypsat/grafika
[2011-06-02 11-24-46] PHP Notice: Undefined variable: content in C:\Program Files\xampp\htdocs\pm\pm\temp\cache\_Nette.FileTemplate\_Content.view.latte-239f85d9ea2ded2a03c004056187566c.php:15  @  http://localhost/pm/www/obsah/vypsat/grafika
[2011-06-02 11-27-36] PHP Notice: Undefined variable: content in C:\Program Files\xampp\htdocs\pm\pm\temp\cache\_Nette.FileTemplate\_Content.view.latte-239f85d9ea2ded2a03c004056187566c.php:15  @  http://localhost/pm/www/grafika
[2011-06-02 11-27-45] PHP Notice: Undefined variable: content in C:\Program Files\xampp\htdocs\pm\pm\temp\cache\_Nette.FileTemplate\_Content.view.latte-239f85d9ea2ded2a03c004056187566c.php:15  @  http://localhost/pm/www/novinky
[2011-06-02 11-28-13] PHP Notice: Undefined variable: content in C:\Program Files\xampp\htdocs\pm\pm\temp\cache\_Nette.FileTemplate\_Content.view.latte-239f85d9ea2ded2a03c004056187566c.php:15  @  http://localhost/pm/www/novinky
[2011-06-02 11-28-26] PHP Notice: Undefined variable: content in C:\Program Files\xampp\htdocs\pm\pm\temp\cache\_Nette.FileTemplate\_Content.view.latte-239f85d9ea2ded2a03c004056187566c.php:15  @  http://localhost/pm/www/obsah
[2011-06-02 11-28-50] PHP Notice: Undefined variable: content in C:\Program Files\xampp\htdocs\pm\pm\temp\cache\_Nette.FileTemplate\_Content.view.latte-239f85d9ea2ded2a03c004056187566c.php:15  @  http://localhost/pm/www/obsah
[2011-06-02 11-31-49] PHP Fatal error: Uncaught exception InvalidStateException with message 'Ambiguous class 'TexyPcreException' resolution; defined in C:\Program Files\xampp\htdocs\pm\pm\libs\texy\texy.php and in C:\Program Files\xampp\htdocs\pm\pm\libs\texy\Texy.php.' in C:\Program Files\xampp\htdocs\pm\pm\libs\Nette\Loaders\RobotLoader.php:200  @  http://localhost/pm/www/grafika
[2011-06-02 11-32-05] PHP Fatal error: Uncaught exception InvalidStateException with message 'Ambiguous class 'TexyPcreException' resolution; defined in C:\Program Files\xampp\htdocs\pm\pm\libs\texy\texy.php and in C:\Program Files\xampp\htdocs\pm\pm\libs\texy\Texy.php.' in C:\Program Files\xampp\htdocs\pm\pm\libs\Nette\Loaders\RobotLoader.php:200  @  http://localhost/pm/www/grafika-loga
[2011-06-02 11-37-54] PHP Fatal error: Uncaught exception Nette\Application\BadRequestException with message 'Invalid request. Presenter is not achievable.' in C:\Program Files\xampp\htdocs\pm\pm\libs\Nette\Application\Application.php:114  @  http://localhost/pm/www/error?code=404
[2011-06-02 11-38-34] PHP Fatal error: Uncaught exception Nette\Application\BadRequestException with message 'Invalid request. Presenter is not achievable.' in C:\Program Files\xampp\htdocs\pm\pm\libs\Nette\Application\Application.php:114  @  http://localhost/pm/www/error?code=404
[2011-06-02 11-51-27] PHP Fatal error: Uncaught exception Nette\Application\BadRequestException with message 'Invalid request. Presenter is not achievable.' in C:\Program Files\xampp\htdocs\pm\pm\libs\Nette\Application\Application.php:114  @  http://localhost/pm/www/error?code=404
[2011-06-02 11-52-45] PHP Fatal error: Uncaught exception Nette\Application\BadRequestException with message 'Invalid request. Presenter is not achievable.' in C:\Program Files\xampp\htdocs\pm\pm\libs\Nette\Application\Application.php:114  @  http://localhost/pm/www/error?code=404
[2011-06-02 11-53-02] PHP Fatal error: Uncaught exception Nette\Application\BadRequestException with message 'Invalid request. Presenter is not achievable.' in C:\Program Files\xampp\htdocs\pm\pm\libs\Nette\Application\Application.php:114  @  http://localhost/pm/www/error?code=404
[2011-06-02 11-56-01] PHP Notice: Undefined variable: content in C:\Program Files\xampp\htdocs\pm\pm\temp\cache\_Nette.FileTemplate\_Content.view.latte-239f85d9ea2ded2a03c004056187566c.php:15  @  http://localhost/pm/www/obsah/vypsat/s
[2011-06-02 11-57-54] PHP Notice: Undefined variable: content in C:\Program Files\xampp\htdocs\pm\pm\temp\cache\_Nette.FileTemplate\_Content.view.latte-239f85d9ea2ded2a03c004056187566c.php:15  @  http://localhost/pm/www/novinky
[2011-06-02 11-58-18] PHP Notice: Undefined variable: content in C:\Program Files\xampp\htdocs\pm\pm\temp\cache\_Nette.FileTemplate\_Content.view.latte-239f85d9ea2ded2a03c004056187566c.php:15  @  http://localhost/pm/www/novinky
[2011-06-02 11-58-42] PHP Notice: Undefined variable: content in C:\Program Files\xampp\htdocs\pm\pm\temp\cache\_Nette.FileTemplate\_Content.view.latte-239f85d9ea2ded2a03c004056187566c.php:15  @  http://localhost/pm/www/obsah
[2011-06-02 12-07-08] PHP Fatal error: Uncaught exception InvalidStateException with message 'Ambiguous class 'TexyPcreException' resolution; defined in C:\Program Files\xampp\htdocs\pm\pm\libs\texy\texy.php and in C:\Program Files\xampp\htdocs\pm\pm\libs\texy\Texy.php.' in C:\Program Files\xampp\htdocs\pm\pm\libs\Nette\Loaders\RobotLoader.php:200  @  http://localhost/pm/www/zajimavost
